build/app/intermediates/manifest_merge_blame_file/release/manifest-merger-blame-release-report.txt
1<?xml version="1.0" encoding="utf-8"?>
2<manifest xmlns:android="http://schemas.android.com/apk/res/android"
3    package="com.example.health_app"
4    android:versionCode="1"
5    android:versionName="1.0.0" >
6
7    <uses-sdk
8        android:minSdkVersion="19"
8-->src\main\AndroidManifest.xml
9        android:targetSdkVersion="33" />
9-->src\main\AndroidManifest.xml
10
11    <uses-permission android:name="android.permission.INTERNET" />
11-->[com.google.firebase:firebase-auth:21.1.0] AndroidManifest.xml:23:5-67
11-->[com.google.firebase:firebase-auth:21.1.0] AndroidManifest.xml:23:22-64
12    <uses-permission android:name="android.permission.ACCESS_NETWORK_STATE" />
12-->[com.google.firebase:firebase-auth:21.1.0] AndroidManifest.xml:24:5-79
12-->[com.google.firebase:firebase-auth:21.1.0] AndroidManifest.xml:24:22-76
13
14    <permission
14-->[androidx.core:core:1.9.0] AndroidManifest.xml:22:5-24:47
15        android:name="com.example.health_app.DYNAMIC_RECEIVER_NOT_EXPORTED_PERMISSION"
15-->[androidx.core:core:1.9.0] AndroidManifest.xml:23:9-81
16        android:protectionLevel="signature" />
16-->[androidx.core:core:1.9.0] AndroidManifest.xml:24:9-44
17
18    <uses-permission android:name="com.example.health_app.DYNAMIC_RECEIVER_NOT_EXPORTED_PERMISSION" />
18-->[androidx.core:core:1.9.0] AndroidManifest.xml:26:5-97
18-->[androidx.core:core:1.9.0] AndroidManifest.xml:26:22-94
19
20    <application
21        android:name="io.flutter.app.FlutterMultiDexApplication"
21-->src\main\AndroidManifest.xml:5:9-42
22        android:appComponentFactory="androidx.core.app.CoreComponentFactory"
22-->[androidx.core:core:1.9.0] AndroidManifest.xml:28:18-86
23        android:icon="@mipmap/ic_launcher"
23-->src\main\AndroidManifest.xml:6:9-43
24        android:label="health_app" >
24-->src\main\AndroidManifest.xml:4:9-35
25        <activity
25-->src\main\AndroidManifest.xml:7:9-27:20
26            android:name="com.example.health_app.MainActivity"
26-->src\main\AndroidManifest.xml:8:13-41
27            android:configChanges="orientation|keyboardHidden|keyboard|screenSize|smallestScreenSize|locale|layoutDirection|fontScale|screenLayout|density|uiMode"
27-->src\main\AndroidManifest.xml:12:13-163
28            android:exported="true"
28-->src\main\AndroidManifest.xml:9:13-36
29            android:hardwareAccelerated="true"
29-->src\main\AndroidManifest.xml:13:13-47
30            android:launchMode="singleTop"
30-->src\main\AndroidManifest.xml:10:13-43
31            android:theme="@style/LaunchTheme"
31-->src\main\AndroidManifest.xml:11:13-47
32            android:windowSoftInputMode="adjustResize" >
32-->src\main\AndroidManifest.xml:14:13-55
33
34            <!--
35                 Specifies an Android theme to apply to this Activity as soon as
36                 the Android process has started. This theme is visible to the user
37                 while the Flutter UI initializes. After that, this theme continues
38                 to determine the Window background behind the Flutter UI.
39            -->
40            <meta-data
40-->src\main\AndroidManifest.xml:19:13-22:17
41                android:name="io.flutter.embedding.android.NormalTheme"
41-->src\main\AndroidManifest.xml:20:15-70
42                android:resource="@style/NormalTheme" />
42-->src\main\AndroidManifest.xml:21:15-52
43
44            <intent-filter>
44-->src\main\AndroidManifest.xml:23:13-26:29
45                <action android:name="android.intent.action.MAIN" />
45-->src\main\AndroidManifest.xml:24:17-68
45-->src\main\AndroidManifest.xml:24:25-66
46
47                <category android:name="android.intent.category.LAUNCHER" />
47-->src\main\AndroidManifest.xml:25:17-76
47-->src\main\AndroidManifest.xml:25:27-74
48            </intent-filter>
49        </activity>
50        <!--
51             Don't delete the meta-data below.
52             This is used by the Flutter tool to generate GeneratedPluginRegistrant.java
53        -->
54        <meta-data
54-->src\main\AndroidManifest.xml:30:9-32:33
55            android:name="flutterEmbedding"
55-->src\main\AndroidManifest.xml:31:13-44
56            android:value="2" />
56-->src\main\AndroidManifest.xml:32:13-30
57
58        <service
58-->[:firebase_auth] AndroidManifest.xml:10:9-14:19
59            android:name="com.google.firebase.components.ComponentDiscoveryService"
59-->[:firebase_auth] AndroidManifest.xml:10:18-89
60            android:directBootAware="true"
60-->[com.google.firebase:firebase-common:20.3.0] AndroidManifest.xml:34:13-43
61            android:exported="false" >
61-->[com.google.firebase:firebase-auth:21.1.0] AndroidManifest.xml:66:13-37
62            <meta-data
62-->[:firebase_auth] AndroidManifest.xml:11:13-13:85
63                android:name="com.google.firebase.components:io.flutter.plugins.firebase.auth.FlutterFirebaseAuthRegistrar"
63-->[:firebase_auth] AndroidManifest.xml:12:17-124
64                android:value="com.google.firebase.components.ComponentRegistrar" />
64-->[:firebase_auth] AndroidManifest.xml:13:17-82
65            <meta-data
65-->[:firebase_database] AndroidManifest.xml:11:13-13:85
66                android:name="com.google.firebase.components:io.flutter.plugins.firebase.database.FlutterFirebaseAppRegistrar"
66-->[:firebase_database] AndroidManifest.xml:12:17-127
67                android:value="com.google.firebase.components.ComponentRegistrar" />
67-->[:firebase_database] AndroidManifest.xml:13:17-82
68            <meta-data
68-->[:firebase_storage] AndroidManifest.xml:11:13-13:85
69                android:name="com.google.firebase.components:io.flutter.plugins.firebase.storage.FlutterFirebaseAppRegistrar"
69-->[:firebase_storage] AndroidManifest.xml:12:17-126
70                android:value="com.google.firebase.components.ComponentRegistrar" />
70-->[:firebase_storage] AndroidManifest.xml:13:17-82
71            <meta-data
71-->[:cloud_firestore] AndroidManifest.xml:11:13-13:85
72                android:name="com.google.firebase.components:io.flutter.plugins.firebase.firestore.FlutterFirebaseFirestoreRegistrar"
72-->[:cloud_firestore] AndroidManifest.xml:12:17-134
73                android:value="com.google.firebase.components.ComponentRegistrar" />
73-->[:cloud_firestore] AndroidManifest.xml:13:17-82
74            <meta-data
74-->[:firebase_core] AndroidManifest.xml:11:13-13:85
75                android:name="com.google.firebase.components:io.flutter.plugins.firebase.core.FlutterFirebaseCoreRegistrar"
75-->[:firebase_core] AndroidManifest.xml:12:17-124
76                android:value="com.google.firebase.components.ComponentRegistrar" />
76-->[:firebase_core] AndroidManifest.xml:13:17-82
77            <meta-data
77-->[com.google.firebase:firebase-auth:21.1.0] AndroidManifest.xml:67:13-69:85
78                android:name="com.google.firebase.components:com.google.firebase.auth.FirebaseAuthRegistrar"
78-->[com.google.firebase:firebase-auth:21.1.0] AndroidManifest.xml:68:17-109
79                android:value="com.google.firebase.components.ComponentRegistrar" />
79-->[com.google.firebase:firebase-auth:21.1.0] AndroidManifest.xml:69:17-82
80            <meta-data
80-->[com.google.firebase:firebase-database:20.1.0] AndroidManifest.xml:31:13-33:85
81                android:name="com.google.firebase.components:com.google.firebase.database.DatabaseRegistrar"
81-->[com.google.firebase:firebase-database:20.1.0] AndroidManifest.xml:32:17-109
82                android:value="com.google.firebase.components.ComponentRegistrar" />
82-->[com.google.firebase:firebase-database:20.1.0] AndroidManifest.xml:33:17-82
83            <meta-data
83-->[com.google.firebase:firebase-storage:20.1.0] AndroidManifest.xml:32:13-34:85
84                android:name="com.google.firebase.components:com.google.firebase.storage.StorageRegistrar"
84-->[com.google.firebase:firebase-storage:20.1.0] AndroidManifest.xml:33:17-107
85                android:value="com.google.firebase.components.ComponentRegistrar" />
85-->[com.google.firebase:firebase-storage:20.1.0] AndroidManifest.xml:34:17-82
86            <meta-data
86-->[com.google.firebase:firebase-firestore:24.4.3] AndroidManifest.xml:19:13-21:85
87                android:name="com.google.firebase.components:com.google.firebase.firestore.FirestoreRegistrar"
87-->[com.google.firebase:firebase-firestore:24.4.3] AndroidManifest.xml:20:17-111
88                android:value="com.google.firebase.components.ComponentRegistrar" />
88-->[com.google.firebase:firebase-firestore:24.4.3] AndroidManifest.xml:21:17-82
89        </service>
90
91        <provider
91-->[:image_picker_android] AndroidManifest.xml:10:9-18:20
92            android:name="io.flutter.plugins.imagepicker.ImagePickerFileProvider"
92-->[:image_picker_android] AndroidManifest.xml:11:13-82
93            android:authorities="com.example.health_app.flutter.image_provider"
93-->[:image_picker_android] AndroidManifest.xml:12:13-74
94            android:exported="false"
94-->[:image_picker_android] AndroidManifest.xml:13:13-37
95            android:grantUriPermissions="true" >
95-->[:image_picker_android] AndroidManifest.xml:14:13-47
96            <meta-data
96-->[:image_picker_android] AndroidManifest.xml:15:13-17:75
97                android:name="android.support.FILE_PROVIDER_PATHS"
97-->[:image_picker_android] AndroidManifest.xml:16:17-67
98                android:resource="@xml/flutter_image_picker_file_paths" />
98-->[:image_picker_android] AndroidManifest.xml:17:17-72
99        </provider>
100
101        <activity
101-->[:url_launcher_android] AndroidManifest.xml:10:9-13:74
102            android:name="io.flutter.plugins.urllauncher.WebViewActivity"
102-->[:url_launcher_android] AndroidManifest.xml:11:13-74
103            android:exported="false"
103-->[:url_launcher_android] AndroidManifest.xml:12:13-37
104            android:theme="@android:style/Theme.NoTitleBar.Fullscreen" />
104-->[:url_launcher_android] AndroidManifest.xml:13:13-71
105        <activity
105-->[com.google.firebase:firebase-auth:21.1.0] AndroidManifest.xml:27:9-44:20
106            android:name="com.google.firebase.auth.internal.GenericIdpActivity"
106-->[com.google.firebase:firebase-auth:21.1.0] AndroidManifest.xml:28:13-80
107            android:excludeFromRecents="true"
107-->[com.google.firebase:firebase-auth:21.1.0] AndroidManifest.xml:29:13-46
108            android:exported="true"
108-->[com.google.firebase:firebase-auth:21.1.0] AndroidManifest.xml:30:13-36
109            android:launchMode="singleTask"
109-->[com.google.firebase:firebase-auth:21.1.0] AndroidManifest.xml:31:13-44
110            android:theme="@android:style/Theme.Translucent.NoTitleBar" >
110-->[com.google.firebase:firebase-auth:21.1.0] AndroidManifest.xml:32:13-72
111            <intent-filter>
111-->[com.google.firebase:firebase-auth:21.1.0] AndroidManifest.xml:33:13-43:29
112                <action android:name="android.intent.action.VIEW" />
112-->[com.google.firebase:firebase-auth:21.1.0] AndroidManifest.xml:34:17-69
112-->[com.google.firebase:firebase-auth:21.1.0] AndroidManifest.xml:34:25-66
113
114                <category android:name="android.intent.category.DEFAULT" />
114-->[com.google.firebase:firebase-auth:21.1.0] AndroidManifest.xml:36:17-76
114-->[com.google.firebase:firebase-auth:21.1.0] AndroidManifest.xml:36:27-73
115                <category android:name="android.intent.category.BROWSABLE" />
115-->[com.google.firebase:firebase-auth:21.1.0] AndroidManifest.xml:37:17-78
115-->[com.google.firebase:firebase-auth:21.1.0] AndroidManifest.xml:37:27-75
116
117                <data
117-->[com.google.firebase:firebase-auth:21.1.0] AndroidManifest.xml:39:17-42:51
118                    android:host="firebase.auth"
118-->[com.google.firebase:firebase-auth:21.1.0] AndroidManifest.xml:40:21-49
119                    android:path="/"
119-->[com.google.firebase:firebase-auth:21.1.0] AndroidManifest.xml:41:21-37
120                    android:scheme="genericidp" />
120-->[com.google.firebase:firebase-auth:21.1.0] AndroidManifest.xml:42:21-48
121            </intent-filter>
122        </activity>
123        <activity
123-->[com.google.firebase:firebase-auth:21.1.0] AndroidManifest.xml:45:9-62:20
124            android:name="com.google.firebase.auth.internal.RecaptchaActivity"
124-->[com.google.firebase:firebase-auth:21.1.0] AndroidManifest.xml:46:13-79
125            android:excludeFromRecents="true"
125-->[com.google.firebase:firebase-auth:21.1.0] AndroidManifest.xml:47:13-46
126            android:exported="true"
126-->[com.google.firebase:firebase-auth:21.1.0] AndroidManifest.xml:48:13-36
127            android:launchMode="singleTask"
127-->[com.google.firebase:firebase-auth:21.1.0] AndroidManifest.xml:49:13-44
128            android:theme="@android:style/Theme.Translucent.NoTitleBar" >
128-->[com.google.firebase:firebase-auth:21.1.0] AndroidManifest.xml:50:13-72
129            <intent-filter>
129-->[com.google.firebase:firebase-auth:21.1.0] AndroidManifest.xml:51:13-61:29
130                <action android:name="android.intent.action.VIEW" />
130-->[com.google.firebase:firebase-auth:21.1.0] AndroidManifest.xml:34:17-69
130-->[com.google.firebase:firebase-auth:21.1.0] AndroidManifest.xml:34:25-66
131
132                <category android:name="android.intent.category.DEFAULT" />
132-->[com.google.firebase:firebase-auth:21.1.0] AndroidManifest.xml:36:17-76
132-->[com.google.firebase:firebase-auth:21.1.0] AndroidManifest.xml:36:27-73
133                <category android:name="android.intent.category.BROWSABLE" />
133-->[com.google.firebase:firebase-auth:21.1.0] AndroidManifest.xml:37:17-78
133-->[com.google.firebase:firebase-auth:21.1.0] AndroidManifest.xml:37:27-75
134
135                <data
135-->[com.google.firebase:firebase-auth:21.1.0] AndroidManifest.xml:39:17-42:51
136                    android:host="firebase.auth"
136-->[com.google.firebase:firebase-auth:21.1.0] AndroidManifest.xml:40:21-49
137                    android:path="/"
137-->[com.google.firebase:firebase-auth:21.1.0] AndroidManifest.xml:41:21-37
138                    android:scheme="recaptcha" />
138-->[com.google.firebase:firebase-auth:21.1.0] AndroidManifest.xml:42:21-48
139            </intent-filter>
140        </activity>
141
142        <provider
142-->[com.google.firebase:firebase-common:20.3.0] AndroidManifest.xml:25:9-30:39
143            android:name="com.google.firebase.provider.FirebaseInitProvider"
143-->[com.google.firebase:firebase-common:20.3.0] AndroidManifest.xml:26:13-77
144            android:authorities="com.example.health_app.firebaseinitprovider"
144-->[com.google.firebase:firebase-common:20.3.0] AndroidManifest.xml:27:13-72
145            android:directBootAware="true"
145-->[com.google.firebase:firebase-common:20.3.0] AndroidManifest.xml:28:13-43
146            android:exported="false"
146-->[com.google.firebase:firebase-common:20.3.0] AndroidManifest.xml:29:13-37
147            android:initOrder="100" />
147-->[com.google.firebase:firebase-common:20.3.0] AndroidManifest.xml:30:13-36
148
149        <activity
149-->[com.google.android.gms:play-services-base:18.0.1] AndroidManifest.xml:20:9-22:45
150            android:name="com.google.android.gms.common.api.GoogleApiActivity"
150-->[com.google.android.gms:play-services-base:18.0.1] AndroidManifest.xml:20:19-85
151            android:exported="false"
151-->[com.google.android.gms:play-services-base:18.0.1] AndroidManifest.xml:22:19-43
152            android:theme="@android:style/Theme.Translucent.NoTitleBar" />
152-->[com.google.android.gms:play-services-base:18.0.1] AndroidManifest.xml:21:19-78
153
154        <meta-data
154-->[com.google.android.gms:play-services-basement:18.1.0] AndroidManifest.xml:21:9-23:69
155            android:name="com.google.android.gms.version"
155-->[com.google.android.gms:play-services-basement:18.1.0] AndroidManifest.xml:22:13-58
156            android:value="@integer/google_play_services_version" />
156-->[com.google.android.gms:play-services-basement:18.1.0] AndroidManifest.xml:23:13-66
157
158        <uses-library
158-->[androidx.window:window:1.0.0-beta04] AndroidManifest.xml:25:9-27:40
159            android:name="androidx.window.extensions"
159-->[androidx.window:window:1.0.0-beta04] AndroidManifest.xml:26:13-54
160            android:required="false" />
160-->[androidx.window:window:1.0.0-beta04] AndroidManifest.xml:27:13-37
161        <uses-library
161-->[androidx.window:window:1.0.0-beta04] AndroidManifest.xml:28:9-30:40
162            android:name="androidx.window.sidecar"
162-->[androidx.window:window:1.0.0-beta04] AndroidManifest.xml:29:13-51
163            android:required="false" />
163-->[androidx.window:window:1.0.0-beta04] AndroidManifest.xml:30:13-37
164    </application>
165
166</manifest>